# JRE version: OpenJDK Runtime Environment (Zulu 8.68.0.21-CA-win64) (8.0_362-b09) (build 1.8.0_362-b09)
# Java VM: OpenJDK 64-Bit Server VM (25.362-b09 mixed mode windows-amd64 compressed oops)
Heap:
 PSYoungGen      total 39936K, used 10322K [0x00000000d5580000, 0x00000000d7f80000, 0x0000000100000000)
  eden space 36864K, 21% used [0x00000000d5580000,0x00000000d5d69de0,0x00000000d7980000)
  from space 3072K, 72% used [0x00000000d7980000,0x00000000d7baacb0,0x00000000d7c80000)
  to   space 3072K, 0% used [0x00000000d7c80000,0x00000000d7c80000,0x00000000d7f80000)
 ParOldGen       total 22016K, used 8720K [0x0000000080000000, 0x0000000081580000, 0x00000000d5580000)
  object space 22016K, 39% used [0x0000000080000000,0x0000000080884248,0x0000000081580000)
 Metaspace       used 18472K, capacity 18726K, committed 19072K, reserved 1067008K
  class space    used 1994K, capacity 2113K, committed 2176K, reserved 1048576K
GC Heap History (10 events):
Event: 38.855 GC heap before
{Heap before GC invocations=11 (full 0):
 PSYoungGen      total 16896K, used 15168K [0x00000000d5580000, 0x00000000d6880000, 0x0000000100000000)
  eden space 14336K, 100% used [0x00000000d5580000,0x00000000d6380000,0x00000000d6380000)
  from space 2560K, 32% used [0x00000000d6600000,0x00000000d66d0198,0x00000000d6880000)
  to   space 2560K, 0% used [0x00000000d6380000,0x00000000d6380000,0x00000000d6600000)
 ParOldGen       total 22016K, used 6129K [0x0000000080000000, 0x0000000081580000, 0x00000000d5580000)
  object space 22016K, 27% used [0x0000000080000000,0x00000000805fc750,0x0000000081580000)
 Metaspace       used 10451K, capacity 10582K, committed 10752K, reserved 1058816K
  class space    used 1156K, capacity 1209K, committed 1280K, reserved 1048576K
Event: 38.858 GC heap after
Heap after GC invocations=11 (full 0):
 PSYoungGen      total 16896K, used 160K [0x00000000d5580000, 0x00000000d7200000, 0x0000000100000000)
  eden space 14336K, 0% used [0x00000000d5580000,0x00000000d5580000,0x00000000d6380000)
  from space 2560K, 6% used [0x00000000d6380000,0x00000000d63a8000,0x00000000d6600000)
  to   space 3072K, 0% used [0x00000000d6f00000,0x00000000d6f00000,0x00000000d7200000)
 ParOldGen       total 22016K, used 6570K [0x0000000080000000, 0x0000000081580000, 0x00000000d5580000)
  object space 22016K, 29% used [0x0000000080000000,0x000000008066a840,0x0000000081580000)
 Metaspace       used 10451K, capacity 10582K, committed 10752K, reserved 1058816K
  class space    used 1156K, capacity 1209K, committed 1280K, reserved 1048576K
}
Event: 39.112 GC heap before
{Heap before GC invocations=12 (full 0):
 PSYoungGen      total 16896K, used 14496K [0x00000000d5580000, 0x00000000d7200000, 0x0000000100000000)
  eden space 14336K, 100% used [0x00000000d5580000,0x00000000d6380000,0x00000000d6380000)
  from space 2560K, 6% used [0x00000000d6380000,0x00000000d63a8000,0x00000000d6600000)
  to   space 3072K, 0% used [0x00000000d6f00000,0x00000000d6f00000,0x00000000d7200000)
 ParOldGen       total 22016K, used 6570K [0x0000000080000000, 0x0000000081580000, 0x00000000d5580000)
  object space 22016K, 29% used [0x0000000080000000,0x000000008066a840,0x0000000081580000)
 Metaspace       used 10491K, capacity 10646K, committed 11008K, reserved 1058816K
  class space    used 1158K, capacity 1209K, committed 1280K, reserved 1048576K
Event: 39.113 GC heap after
Heap after GC invocations=12 (full 0):
 PSYoungGen      total 26112K, used 128K [0x00000000d5580000, 0x00000000d7200000, 0x0000000100000000)
  eden space 23040K, 0% used [0x00000000d5580000,0x00000000d5580000,0x00000000d6c00000)
  from space 3072K, 4% used [0x00000000d6f00000,0x00000000d6f20000,0x00000000d7200000)
  to   space 3072K, 0% used [0x00000000d6c00000,0x00000000d6c00000,0x00000000d6f00000)
 ParOldGen       total 22016K, used 6642K [0x0000000080000000, 0x0000000081580000, 0x00000000d5580000)
  object space 22016K, 30% used [0x0000000080000000,0x000000008067c840,0x0000000081580000)
 Metaspace       used 10491K, capacity 10646K, committed 11008K, reserved 1058816K
  class space    used 1158K, capacity 1209K, committed 1280K, reserved 1048576K
}
Event: 39.768 GC heap before
{Heap before GC invocations=13 (full 0):
 PSYoungGen      total 26112K, used 23168K [0x00000000d5580000, 0x00000000d7200000, 0x0000000100000000)
  eden space 23040K, 100% used [0x00000000d5580000,0x00000000d6c00000,0x00000000d6c00000)
  from space 3072K, 4% used [0x00000000d6f00000,0x00000000d6f20000,0x00000000d7200000)
  to   space 3072K, 0% used [0x00000000d6c00000,0x00000000d6c00000,0x00000000d6f00000)
 ParOldGen       total 22016K, used 6642K [0x0000000080000000, 0x0000000081580000, 0x00000000d5580000)
  object space 22016K, 30% used [0x0000000080000000,0x000000008067c840,0x0000000081580000)
 Metaspace       used 11776K, capacity 11942K, committed 12160K, reserved 1060864K
  class space    used 1274K, capacity 1340K, committed 1408K, reserved 1048576K
Event: 39.771 GC heap after
Heap after GC invocations=13 (full 0):
 PSYoungGen      total 26112K, used 1573K [0x00000000d5580000, 0x00000000d7f80000, 0x0000000100000000)
  eden space 23040K, 0% used [0x00000000d5580000,0x00000000d5580000,0x00000000d6c00000)
  from space 3072K, 51% used [0x00000000d6c00000,0x00000000d6d89710,0x00000000d6f00000)
  to   space 3072K, 0% used [0x00000000d7c80000,0x00000000d7c80000,0x00000000d7f80000)
 ParOldGen       total 22016K, used 6706K [0x0000000080000000, 0x0000000081580000, 0x00000000d5580000)
  object space 22016K, 30% used [0x0000000080000000,0x000000008068c840,0x0000000081580000)
 Metaspace       used 11776K, capacity 11942K, committed 12160K, reserved 1060864K
  class space    used 1274K, capacity 1340K, committed 1408K, reserved 1048576K
}
Event: 40.845 GC heap before
{Heap before GC invocations=14 (full 0):
 PSYoungGen      total 26112K, used 24613K [0x00000000d5580000, 0x00000000d7f80000, 0x0000000100000000)
  eden space 23040K, 100% used [0x00000000d5580000,0x00000000d6c00000,0x00000000d6c00000)
  from space 3072K, 51% used [0x00000000d6c00000,0x00000000d6d89710,0x00000000d6f00000)
  to   space 3072K, 0% used [0x00000000d7c80000,0x00000000d7c80000,0x00000000d7f80000)
 ParOldGen       total 22016K, used 6706K [0x0000000080000000, 0x0000000081580000, 0x00000000d5580000)
  object space 22016K, 30% used [0x0000000080000000,0x000000008068c840,0x0000000081580000)
 Metaspace       used 15549K, capacity 15752K, committed 16128K, reserved 1062912K
  class space    used 1626K, capacity 1718K, committed 1792K, reserved 1048576K
Event: 40.851 GC heap after
Heap after GC invocations=14 (full 0):
 PSYoungGen      total 39936K, used 1868K [0x00000000d5580000, 0x00000000d7f80000, 0x0000000100000000)
  eden space 36864K, 0% used [0x00000000d5580000,0x00000000d5580000,0x00000000d7980000)
  from space 3072K, 60% used [0x00000000d7c80000,0x00000000d7e53000,0x00000000d7f80000)
  to   space 3072K, 0% used [0x00000000d7980000,0x00000000d7980000,0x00000000d7c80000)
 ParOldGen       total 22016K, used 7194K [0x0000000080000000, 0x0000000081580000, 0x00000000d5580000)
  object space 22016K, 32% used [0x0000000080000000,0x0000000080706840,0x0000000081580000)
 Metaspace       used 15549K, capacity 15752K, committed 16128K, reserved 1062912K
  class space    used 1626K, capacity 1718K, committed 1792K, reserved 1048576K
}
Event: 42.841 GC heap before
{Heap before GC invocations=15 (full 0):
 PSYoungGen      total 39936K, used 38732K [0x00000000d5580000, 0x00000000d7f80000, 0x0000000100000000)
  eden space 36864K, 100% used [0x00000000d5580000,0x00000000d7980000,0x00000000d7980000)
  from space 3072K, 60% used [0x00000000d7c80000,0x00000000d7e53000,0x00000000d7f80000)
  to   space 3072K, 0% used [0x00000000d7980000,0x00000000d7980000,0x00000000d7c80000)
 ParOldGen       total 22016K, used 7194K [0x0000000080000000, 0x0000000081580000, 0x00000000d5580000)
  object space 22016K, 32% used [0x0000000080000000,0x0000000080706840,0x0000000081580000)
 Metaspace       used 17992K, capacity 18246K, committed 18432K, reserved 1064960K
  class space    used 1920K, capacity 2017K, committed 2048K, reserved 1048576K
Event: 42.856 GC heap after
Heap after GC invocations=15 (full 0):
 PSYoungGen      total 39936K, used 2219K [0x00000000d5580000, 0x00000000d7f80000, 0x0000000100000000)
  eden space 36864K, 0% used [0x00000000d5580000,0x00000000d5580000,0x00000000d7980000)
  from space 3072K, 72% used [0x00000000d7980000,0x00000000d7baacb0,0x00000000d7c80000)
  to   space 3072K, 0% used [0x00000000d7c80000,0x00000000d7c80000,0x00000000d7f80000)
 ParOldGen       total 22016K, used 8720K [0x0000000080000000, 0x0000000081580000, 0x00000000d5580000)
  object space 22016K, 39% used [0x0000000080000000,0x0000000080884248,0x0000000081580000)
 Metaspace       used 17992K, capacity 18246K, committed 18432K, reserved 1064960K
  class space    used 1920K, capacity 2017K, committed 2048K, reserved 1048576K
}

