# JRE version: OpenJDK Runtime Environment (Zulu 8.68.0.21-CA-win64) (8.0_362-b09) (build 1.8.0_362-b09)
# Java VM: OpenJDK 64-Bit Server VM (25.362-b09 mixed mode windows-amd64 compressed oops)
Heap:
 PSYoungGen      total 19968K, used 10609K [0x00000000d5580000, 0x00000000d7000000, 0x0000000100000000)
  eden space 17408K, 56% used [0x00000000d5580000,0x00000000d5f05490,0x00000000d6680000)
  from space 2560K, 33% used [0x00000000d6680000,0x00000000d6757210,0x00000000d6900000)
  to   space 2048K, 0% used [0x00000000d6e00000,0x00000000d6e00000,0x00000000d7000000)
 ParOldGen       total 22016K, used 10023K [0x0000000080000000, 0x0000000081580000, 0x00000000d5580000)
  object space 22016K, 45% used [0x0000000080000000,0x00000000809c9d18,0x0000000081580000)
 Metaspace       used 20635K, capacity 20900K, committed 21120K, reserved 1069056K
  class space    used 2281K, capacity 2391K, committed 2432K, reserved 1048576K
GC Heap History (10 events):
Event: 19.910 GC heap before
{Heap before GC invocations=21 (full 0):
 PSYoungGen      total 14848K, used 12982K [0x00000000d5580000, 0x00000000d6680000, 0x0000000100000000)
  eden space 12288K, 100% used [0x00000000d5580000,0x00000000d6180000,0x00000000d6180000)
  from space 2560K, 27% used [0x00000000d6400000,0x00000000d64ada30,0x00000000d6680000)
  to   space 2560K, 0% used [0x00000000d6180000,0x00000000d6180000,0x00000000d6400000)
 ParOldGen       total 22016K, used 8943K [0x0000000080000000, 0x0000000081580000, 0x00000000d5580000)
  object space 22016K, 40% used [0x0000000080000000,0x00000000808bbf28,0x0000000081580000)
 Metaspace       used 17173K, capacity 17382K, committed 17664K, reserved 1064960K
  class space    used 1824K, capacity 1921K, committed 2048K, reserved 1048576K
Event: 19.913 GC heap after
Heap after GC invocations=21 (full 0):
 PSYoungGen      total 14848K, used 608K [0x00000000d5580000, 0x00000000d6680000, 0x0000000100000000)
  eden space 12288K, 0% used [0x00000000d5580000,0x00000000d5580000,0x00000000d6180000)
  from space 2560K, 23% used [0x00000000d6180000,0x00000000d6218000,0x00000000d6400000)
  to   space 2560K, 0% used [0x00000000d6400000,0x00000000d6400000,0x00000000d6680000)
 ParOldGen       total 22016K, used 9135K [0x0000000080000000, 0x0000000081580000, 0x00000000d5580000)
  object space 22016K, 41% used [0x0000000080000000,0x00000000808ebf28,0x0000000081580000)
 Metaspace       used 17173K, capacity 17382K, committed 17664K, reserved 1064960K
  class space    used 1824K, capacity 1921K, committed 2048K, reserved 1048576K
}
Event: 20.416 GC heap before
{Heap before GC invocations=22 (full 0):
 PSYoungGen      total 14848K, used 12896K [0x00000000d5580000, 0x00000000d6680000, 0x0000000100000000)
  eden space 12288K, 100% used [0x00000000d5580000,0x00000000d6180000,0x00000000d6180000)
  from space 2560K, 23% used [0x00000000d6180000,0x00000000d6218000,0x00000000d6400000)
  to   space 2560K, 0% used [0x00000000d6400000,0x00000000d6400000,0x00000000d6680000)
 ParOldGen       total 22016K, used 9135K [0x0000000080000000, 0x0000000081580000, 0x00000000d5580000)
  object space 22016K, 41% used [0x0000000080000000,0x00000000808ebf28,0x0000000081580000)
 Metaspace       used 17911K, capacity 18182K, committed 18432K, reserved 1064960K
  class space    used 1916K, capacity 2017K, committed 2048K, reserved 1048576K
Event: 20.418 GC heap after
Heap after GC invocations=22 (full 0):
 PSYoungGen      total 14848K, used 653K [0x00000000d5580000, 0x00000000d6680000, 0x0000000100000000)
  eden space 12288K, 0% used [0x00000000d5580000,0x00000000d5580000,0x00000000d6180000)
  from space 2560K, 25% used [0x00000000d6400000,0x00000000d64a3560,0x00000000d6680000)
  to   space 2560K, 0% used [0x00000000d6180000,0x00000000d6180000,0x00000000d6400000)
 ParOldGen       total 22016K, used 9279K [0x0000000080000000, 0x0000000081580000, 0x00000000d5580000)
  object space 22016K, 42% used [0x0000000080000000,0x000000008090ff48,0x0000000081580000)
 Metaspace       used 17911K, capacity 18182K, committed 18432K, reserved 1064960K
  class space    used 1916K, capacity 2017K, committed 2048K, reserved 1048576K
}
Event: 20.812 GC heap before
{Heap before GC invocations=23 (full 0):
 PSYoungGen      total 14848K, used 12941K [0x00000000d5580000, 0x00000000d6680000, 0x0000000100000000)
  eden space 12288K, 100% used [0x00000000d5580000,0x00000000d6180000,0x00000000d6180000)
  from space 2560K, 25% used [0x00000000d6400000,0x00000000d64a3560,0x00000000d6680000)
  to   space 2560K, 0% used [0x00000000d6180000,0x00000000d6180000,0x00000000d6400000)
 ParOldGen       total 22016K, used 9279K [0x0000000080000000, 0x0000000081580000, 0x00000000d5580000)
  object space 22016K, 42% used [0x0000000080000000,0x000000008090ff48,0x0000000081580000)
 Metaspace       used 18642K, capacity 18886K, committed 19072K, reserved 1067008K
  class space    used 2037K, capacity 2145K, committed 2176K, reserved 1048576K
Event: 20.821 GC heap after
Heap after GC invocations=23 (full 0):
 PSYoungGen      total 14848K, used 793K [0x00000000d5580000, 0x00000000d6b80000, 0x0000000100000000)
  eden space 12288K, 0% used [0x00000000d5580000,0x00000000d5580000,0x00000000d6180000)
  from space 2560K, 31% used [0x00000000d6180000,0x00000000d6246758,0x00000000d6400000)
  to   space 2560K, 0% used [0x00000000d6900000,0x00000000d6900000,0x00000000d6b80000)
 ParOldGen       total 22016K, used 9361K [0x0000000080000000, 0x0000000081580000, 0x00000000d5580000)
  object space 22016K, 42% used [0x0000000080000000,0x00000000809244e8,0x0000000081580000)
 Metaspace       used 18642K, capacity 18886K, committed 19072K, reserved 1067008K
  class space    used 2037K, capacity 2145K, committed 2176K, reserved 1048576K
}
Event: 21.400 GC heap before
{Heap before GC invocations=24 (full 0):
 PSYoungGen      total 14848K, used 13081K [0x00000000d5580000, 0x00000000d6b80000, 0x0000000100000000)
  eden space 12288K, 100% used [0x00000000d5580000,0x00000000d6180000,0x00000000d6180000)
  from space 2560K, 31% used [0x00000000d6180000,0x00000000d6246758,0x00000000d6400000)
  to   space 2560K, 0% used [0x00000000d6900000,0x00000000d6900000,0x00000000d6b80000)
 ParOldGen       total 22016K, used 9361K [0x0000000080000000, 0x0000000081580000, 0x00000000d5580000)
  object space 22016K, 42% used [0x0000000080000000,0x00000000809244e8,0x0000000081580000)
 Metaspace       used 19905K, capacity 20140K, committed 20608K, reserved 1067008K
  class space    used 2195K, capacity 2307K, committed 2432K, reserved 1048576K
Event: 21.412 GC heap after
Heap after GC invocations=24 (full 0):
 PSYoungGen      total 19968K, used 1126K [0x00000000d5580000, 0x00000000d6b80000, 0x0000000100000000)
  eden space 17408K, 0% used [0x00000000d5580000,0x00000000d5580000,0x00000000d6680000)
  from space 2560K, 44% used [0x00000000d6900000,0x00000000d6a199c0,0x00000000d6b80000)
  to   space 2560K, 0% used [0x00000000d6680000,0x00000000d6680000,0x00000000d6900000)
 ParOldGen       total 22016K, used 9577K [0x0000000080000000, 0x0000000081580000, 0x00000000d5580000)
  object space 22016K, 43% used [0x0000000080000000,0x000000008095a4f8,0x0000000081580000)
 Metaspace       used 19905K, capacity 20140K, committed 20608K, reserved 1067008K
  class space    used 2195K, capacity 2307K, committed 2432K, reserved 1048576K
}
Event: 22.144 GC heap before
{Heap before GC invocations=25 (full 0):
 PSYoungGen      total 19968K, used 18534K [0x00000000d5580000, 0x00000000d6b80000, 0x0000000100000000)
  eden space 17408K, 100% used [0x00000000d5580000,0x00000000d6680000,0x00000000d6680000)
  from space 2560K, 44% used [0x00000000d6900000,0x00000000d6a199c0,0x00000000d6b80000)
  to   space 2560K, 0% used [0x00000000d6680000,0x00000000d6680000,0x00000000d6900000)
 ParOldGen       total 22016K, used 9577K [0x0000000080000000, 0x0000000081580000, 0x00000000d5580000)
  object space 22016K, 43% used [0x0000000080000000,0x000000008095a4f8,0x0000000081580000)
 Metaspace       used 20573K, capacity 20818K, committed 21120K, reserved 1069056K
  class space    used 2275K, capacity 2385K, committed 2432K, reserved 1048576K
Event: 22.149 GC heap after
Heap after GC invocations=25 (full 0):
 PSYoungGen      total 19968K, used 860K [0x00000000d5580000, 0x00000000d7000000, 0x0000000100000000)
  eden space 17408K, 0% used [0x00000000d5580000,0x00000000d5580000,0x00000000d6680000)
  from space 2560K, 33% used [0x00000000d6680000,0x00000000d6757210,0x00000000d6900000)
  to   space 2048K, 0% used [0x00000000d6e00000,0x00000000d6e00000,0x00000000d7000000)
 ParOldGen       total 22016K, used 10023K [0x0000000080000000, 0x0000000081580000, 0x00000000d5580000)
  object space 22016K, 45% used [0x0000000080000000,0x00000000809c9d18,0x0000000081580000)
 Metaspace       used 20573K, capacity 20818K, committed 21120K, reserved 1069056K
  class space    used 2275K, capacity 2385K, committed 2432K, reserved 1048576K
}

